Arguments: 
  C:\Program Files\nodejs\node.exe C:\Users\lucas\AppData\Roaming\npm\node_modules\yarn\bin\yarn.js add amqplib

PATH: 
  C:\Program Files (x86)\Common Files\Oracle\Java\javapath;C:\WINDOWS\system32;C:\WINDOWS;C:\WINDOWS\System32\Wbem;C:\WINDOWS\System32\WindowsPowerShell\v1.0\;C:\WINDOWS\System32\OpenSSH\;C:\ProgramData\UNIVALI\Portugol Studio;C:\Program Files\nodejs\;C:\xampp\php;C:\ProgramData\ComposerSetup\bin;C:\Program Files\Git\cmd;C:\Users\lucas\AppData\Local\Microsoft\WindowsApps;C:\Users\lucas\AppData\Local\Programs\Microsoft VS Code\bin;C:\Users\lucas\AppData\Roaming\npm;C:\Users\lucas\composer;C:\Users\lucas\AppData\Roaming\Composer\vendor\bin;

Yarn version: 
  1.22.19

Node version: 
  16.15.1

Platform: 
  win32 x64

Trace: 
  Error: EPERM: operation not permitted, unlink 'C:\Users\lucas\OneDrive\Área de Trabalho\desenvolvimento\twin-api\node_modules\bcrypt\lib\binding\napi-v3\bcrypt_lib.node'

npm manifest: 
  {
    "name": "twin",
    "version": "1.0.0",
    "description": "",
    "main": "index.js",
    "scripts": {
      "test": "vitest",
      "db:migrate": "npx prisma migrate dev --name init",
      "db:generate": "npx prisma generate",
      "db:studio": "npx prisma studio",
      "db:seed": "ts-node ./prisma/seed.ts",
      "db:reset": "npx prisma db push --force-reset && npx prisma db push",
      "server:dev": "npm run db:generate &&  npm run db:reset && tsx --watch src/infrastructure/http/main.ts",
      "server:run": "tsx src/infrastructure/http/main.ts"
    },
    "prisma": {
      "schema": "./src/infrastructure/db/prisma/schema.prisma"
    },
    "keywords": [],
    "author": "",
    "license": "ISC",
    "devDependencies": {
      "@faker-js/faker": "^8.0.1",
      "@types/cors": "^2.8.13",
      "@types/express": "^4.17.17",
      "@types/jsonwebtoken": "^9.0.2",
      "@types/node": "^20.2.4",
      "@types/nodemailer": "^6.4.8",
      "@types/uuid": "^9.0.1",
      "prisma": "^4.14.1",
      "ts-node": "^10.9.1",
      "tsx": "^3.12.7",
      "typescript": "^5.0.4",
      "vitest": "^0.31.1"
    },
    "dependencies": {
      "@prisma/client": "^4.14.1",
      "@types/bcrypt": "^5.0.0",
      "bcrypt": "^5.1.0",
      "cors": "^2.8.5",
      "dotenv": "^16.0.3",
      "express": "^4.18.2",
      "jsonwebtoken": "^9.0.0",
      "nodemailer": "^6.9.2",
      "uuid": "^9.0.0"
    }
  }

yarn manifest: 
  No manifest

Lockfile: 
  No lockfile
